1522-1059	2003
0008-3550	2003
0001-7884	2003
1205-6685	2003
1066-7814	2003
0008-4026	2003
0703-8992	2003
0008-4492	2003
0361-090X	2003
1065-4704	2003
0897-5957	2003
0967-2109	2003
1384-6574	2003
1384-6566	2003
1061-5385	2003
1044-9523	2003
0886-1544	2003
0149-6123	2003
0009-2223	2003
0009-3106	2003
1015-0145	2003
1527-4799	2003
0009-2355	2003
0009-2630	2003
0009-398X	2003
0275-1062	2003
1009-9271	2003
1017-4370	2003
0001-821X	2003
0065-2199	2003
0065-227X	2003
1009-1963	2003
0177-9990	2003
0317-0926	2003
1055-6656	2003
1071-412X	2003
0009-9155	2003
1386-0291	2003
0141-9854	2003
1526-9655	2003
0920-1637	2003
1566-2772	2003
0307-7772	2003
0144-5979	2003
1060-1333	2003
1096-2867	2003
1080-563X	2003
0926-6410	2003
0091-7451	2003
1560-5892	2003
0010-3632	2003
1069-8299	2003
0193-1903	2003
0097-8485	2003
0956-3385	2003
0010-4817	2003
0096-0551	2003
0891-2017	2003
1093-0191	2003
0065-2571	2003
1089-3156	2003
1043-7347	2003
1043-7347	2003
1063-1801	2003
1122-0279	2003
1078-1528	2003
1195-5449	2003
1060-0558	2003
0067-8546	2003
0197-2456	2003
0324-8569	2003
0010-8049	2003
0010-8022	2003
1532-1274	2003
0010-9371	2003
0764-4442	2003
1251-8050	2003
1620-7742	2003
1387-1609	2003
0764-4469	2003
1296-2147	2003
1045-4411	2003
1463-0184	2003
0864-0408	2003
1468-6694	2003
0268-0890	2003
1040-0486	2003
0011-4529	2003
0301-0171	2003
1368-4736	2003
0196-4763	2003
0196-4763	2003
0011-4626	2003
 	2003
0012-0073	2003
0091-3952	2003
0065-2970	2003
0065-3233	2003
0341-6593	2003
0165-3806	2003
0394-3402	2003
0012-253X	2003
1091-370X	2003
1173-8790	2003
1464-5165	2003
1015-079X	2003
1042-5179	2003
1044-789X	2003
0012-6136	2003
0378-6501	2003
0025-7656	2003
1201-3390	2003
1492-8760	2003
0925-4668	2003
1024-5251	2003
0100-4670	2003
0012-9402	2003
0149-0370	2003
1335-342X	2003
1061-9526	2003
8756-6621	2003
8756-663X	2003
1042-0967	2003
0954-0695	2003
0013-4902	2003
1079-6762	2003
0959-8332	2003
1024-2430	2003
0969-711X	2003
1062-3329	2003
0144-5987	2003
0090-8312	2003
1472-8915	2003
0095-8948	2003
0013-872X	2003
1073-4449	2003
0736-2536	2003
0257-7615	2003
0943-0105	2003
0278-4491	2003
1262-3377	2003
0160-8347	2003
0014-2956	2003
0960-7420	2003
1102-4151	2003
1120-3862	2003
0891-0278	2003
0254-9670	2003
1018-7782	2003
0204-3564	2003
1239-0992	2003
0249-5627	2003
1364-5498	2003
0015-0517	2003
0268-9499	2003
1086-900X	2003
0015-5551	2003
0265-203X	2003
1436-7947	2003
0582-9879	2003
0138-4988	2003
1424-7364	2003
0015-8003	2003
0894-9875	2003
0937-0633	2003
1064-122X	2003
0748-1896	2003
0016-478X	2003
0039-0771	2003
0270-6377	2003
1090-6576	2003
0016-7886	2003
0150-5505	2003
0016-8556	2003
0016-867X	2003
1529-8663	2003
0002-2667	2003
1267-7167	2003
0946-7475	2003
0017-1050	2003
0960-7447	2003
1434-7636	2003
0090-0222	2003
1041-1232	2003
0962-1091	2003
0017-5994	2003
0017-6559	2003
0301-0147	2003
0073-0874	2003
1059-7565	2003
0195-8631	2003
0305-4829	2003
1351-7848	2003
0254-3052	2003
0018-1544	2003
0391-9714	2003
0890-9997	2003
0018-2214	2003
0301-0163	2003
1462-3935	2003
8750-2836	2003
1050-6101	2003
0272-457X	2003
0272-457X	2003
0885-6087	2003
0304-3843	2003
0074-1809	2003
0018-8670	2003
1350-2409	2003
1350-2425	2003
1350-2387	2003
1350-2379	2003
1350-2352	2003
1350-2360	2003
1350-2417	2003
1350-2433	2003
1350-2395	2003
1350-2344	2003
1350-245X	2003
0013-5127	2003
8755-3996	2003
0895-0156	2003
0272-1708	2003
1094-7167	2003
1070-9916	2003
0946-7785	2003
0889-1893	2003
1521-3323	2003
1057-7122	2003
1057-7130	2003
1521-3331	2003
1521-334X	2003
1045-9227	2003
1063-6528	2003
1042-296X	2003
1063-6676	2003
1070-9916	2003
0255-9609	2003
1085-1259	2003
0019-2082	2003
0265-0746	2003
1097-9336	2003
0019-8145	2003
1085-1259	2003
0537-197X	2003
0019-6479	2003
1420-326X	2003
0749-6524	2003
1424-5485	2003
0186-4076	2003
0797-4930	2003
1028-6624	2003
0073-8077	2003
1063-7095	2003
1086-508X	2003
0167-9899	2003
0251-1649	2003
1358-8265	2003
1069-3130	2003
0920-6299	2003
0394-6320	2003
1072-4761	2003
0195-9271	2003
1466-6049	2003
0148-916X	2003
0169-4197	2003
1050-1606	2003
0250-0868	2003
0192-303X	2003
1053-881X	2003
0927-7056	2003
1099-8292	2003
1123-9344	2003
0148-7299	2003
0148-7299	2003
0148-7299	2003
0002-9459	2003
1068-2767	2003
0168-8170	2003
0818-0164	2003
0360-1307	2003
0021-2210	2003
1024-8072	2003
0021-3470	2003
0894-2684	2003
0899-5362	2003
0021-8634	2003
0162-1912	2003
0041-3186	2003
0041-994X	2003
1523-5475	2003
1047-3289	2003
0196-6774	2003
1074-3804	2003
0003-150X	2003
1094-5458	2003
0949-5460	2003
0894-8763	2003
0146-6623	2003
0004-7120	2003
0004-7554	2003
0263-6115	2003
0165-022X	2003
1225-8687	2003
0393-974X	2003
0021-9304	2003
0021-9304	2003
0021-9304	2003
0363-6127	2003
8755-8920	2003
1050-6586	2003
0739-1102	2003
0273-8481	2003
1350-6277	2003
1005-9784	2003
0914-5400	2003
0951-7359	2003
0095-2338	2003
0308-2342	2003
0253-5106	2003
1472-7781	2003
1472-779X	2003
0717-9324	2003
0368-1653	2003
0021-7697	2003
1044-5471	2003
1366-8714	2003
0361-8773	2003
1477-4739	2003
0884-6804	2003
0928-1045	2003
1525-7886	2003
0022-0728	2003
0920-5071	2003
0960-3131	2003
0968-0519	2003
0003-1569	2003
0065-6755	2003
1530-1567	2003
0939-8600	2003
0392-9078	2003
0022-104X	2003
0022-104X	2003
0022-104X	2003
1053-4245	2003
1065-7258	2003
0266-7681	2003
0073-0912	2003
1525-8165	2003
1029-8479	2003
0926-6801	2003
1435-232X	2003
0306-7297	2003
1090-9508	2003
0144-2600	2003
0099-4480	2003
8750-9237	2003
1053-8550	2003
1025-5834	2003
1099-8047	2003
1053-0495	2003
1470-5826	2003
0964-2633	2003
1087-0024	2003
0013-7626	2003
0915-1168	2003
1466-0822	2003
0921-8912	2003
0022-2143	2003
1532-1797	2003
1062-0656	2003
0261-8028	2003
0023-608X	2003
1468-6244	2003
1065-1438	2003
1040-7685	2003
0948-5023	2003
1046-0756	2003
1058-8108	2003
0303-6995	2003
0022-3034	2003
0300-4864	2003
0028-7199	2003
0453-4514	2003
1464-4258	2003
1464-4266	2003
0340-2061	2003
0003-276X	2003
0090-4996	2003
0381-6605	2003
0743-7315	2003
1397-002X	2003
0385-1559	2003
0149-2136	2003
1054-9714	2003
0094-8705	2003
0305-4470	2003
1155-4339	2003
0970-0838	2003
0277-8033	2003
0957-4832	2003
0022-409X	2003
1060-3999	2003
0741-2223	2003
0035-8835	2003
0039-0526	2003
0038-223X	2003
1615-9314	2003
1071-5576	2003
1084-1288	2003
0096-882X	2003
0899-3289	2003
0896-1107	2003
1297-9651	2003
1357-7298	2003
0570-1791	2003
0003-4592	2003
0003-3944	2003
0355-9521	2003
0040-9618	2003
0098-4108	2003
0731-3810	2003
0731-3829	2003
0731-3837	2003
0896-548X	2003
0733-4680	2003
1005-8850	2003
0931-184X	2003
0931-1793	2003
0193-7197	2003
1049-8907	2003
0922-5773	2003
1524-6094	2003
1067-8239	2003
1097-1408	2003
0047-1828	2003
0021-4868	2003
0910-5050	2003
0021-5198	2003
0039-906X	2003
0021-521X	2003
0389-4304	2003
1344-7912	2003
1340-8054	2003
1344-7653	2003
0920-3036	2003
0022-9520	2003
1013-9826	2003
0132-6244	2003
0023-1347	2003
1225-5947	2003
0254-5934	2003
1226-4865	2003
0945-0084	2003
1473-0189	2003
0023-7302	2003
0278-6273	2003
0740-2511	2003
0170-8643	2003
0929-5666	2003
0003-3995	2003
1590-1815	2003
1210-3306	2003
0106-9543	2003
1478-3231	2003
0301-6226	2003
0024-7154	2003
0724-6811	2003
1022-1360	2003
0334-7575	2003
0091-181X	2003
0577-7496	2003
1600-5368	2003
0255-5476	2003
1341-1683	2003
0169-121X	2003
0882-8121	2003
0265-0746	2003
1537-6532	2003
1075-9417	2003
0890-5452	2003
1463-9238	2003
0098-1532	2003
1080-4013	2003
0161-5149	2003
0026-0746	2003
0066-2313	2003
0003-410X	2003
0003-4118	2003
1081-0595	2003
0026-2633	2003
1436-5073	2003
1089-3954	2003
0026-5187	2003
0950-6098	2003
0169-328X	2003
1058-725X	2003
1084-8592	2003
1471-8278	2003
0026-8925	2003
1058-7276	2003
1091-5362	2003
0723-1520	2003
1092-5783	2003
0921-8777	2003
0953-7562	2003
0027-769X	2003
0028-0712	2003
1057-5634	2003
1471-0048	2003
1072-8368	2003
0306-0209	2003
0547-051X	2003
0028-2766	2003
0028-2928	2003
0028-2960	2003
0028-3630	2003
0028-3649	2003
1530-4086	2003
0003-4169	2003
1022-7091	2003
0941-9500	2003
0301-2603	2003
0894-878X	2003
0948-6259	2003
0893-6609	2003
1384-1092	2003
1344-9931	2003
0886-1714	2003
0369-4577	2003
0002-1407	2003
0029-1277	2003
 	2003
0546-8191	2003
0915-2334	2003
0140-4067	2003
0920-5632	2003
0892-2055	2003
0369-3554	2003
1124-1896	2003
1062-8061	2003
0894-3184	2003
1071-7323	2003
0399-1784	2003
1258-8210	2003
0391-2612	2003
0030-0950	2003
0078-5326	2003
1082-3069	2003
0003-4401	2003
1056-8700	2003
0066-4162	2003
1056-3466	2003
0902-0055	2003
1079-2104	2003
0149-144X	2003
0097-3157	2003
0044-7870	2003
0082-0784	2003
1472-4561	2003
0253-4134	2003
0370-047X	2003
0968-1302	2003
0031-1243	2003
1079-7440	2003
1522-7952	2003
0031-5117	2003
0935-0020	2003
0960-314X	2003
0901-9928	2003
1040-2519	2003
1478-6443	2003
0141-8610	2003
0141-8637	2003
1464-1895	2003
1464-1909	2003
1464-1917	2003
0031-9090	2003
0204-3467	2003
0556-2821	2003
1063-651X	2003
0031-8965	2003
1460-2733	2003
0893-5785	2003
0032-0188	2003
0952-3863	2003
1051-9998	2003
0360-3164	2003
0335-4997	2003
0137-5083	2003
1230-6002	2003
1054-3414	2003
0950-3366	2003
0032-5961	2003
0032-681X	2003
0758-1882	2003
1355-2570	2003
0032-9592	2003
0953-6639	2003
1000-3282	2003
0266-9536	2003
1087-2906	2003
1436-5693	2003
0079-6263	2003
0079-6379	2003
0363-0951	2003
0090-6980	2003
0033-1732	2003
0269-2139	2003
0944-6877	2003
0030-834X	2003
0272-4987	2003
0272-4995	2003
1125-0135	2003
1611-020X	2003
0963-8172	2003
0033-524X	2003
0931-8771	2003
0212-0569	2003
1290-3868	2003
1290-385X	2003
0133-1736	2003
1077-2014	2003
0079-9963	2003
1060-6823	2003
0886-9375	2003
0926-5287	2003
0300-9130	2003
1516-3598	2003
0035-1040	2003
0014-2565	2003
1069-3599	2003
1019-8113	2003
0335-7457	2003
0716-0208	2003
1155-4452	2003
1120-9976	2003
1438-9029	2003
0370-663X	2003
0048-8828	2003
0371-7208	2003
0257-7615	2003
0036-4827	2003
0105-0397	2003
0371-0459	2003
0284-4311	2003
0036-7699	2003
1006-9283	2003
1006-9291	2003
1006-9305	2003
1006-9313	2003
1006-9321	2003
0919-3758	2003
0037-1017	2003
0582-4664	2003
1055-937X	2003
0360-2540	2003
0927-6947	2003
0037-5225	2003
0928-4869	2003
1438-5163	2003
1422-2868	2003
0003-6935	2003
1523-0481	2003
0096-4522	2003
1012-0394	2003
0303-8408	2003
0924-8625	2003
0169-1015	2003
1064-668X	2003
1353-2561	2003
1041-696X	2003
0344-4325	2003
0081-3869	2003
0177-4832	2003
0177-4832	2003
1157-1489	2003
0562-1887	2003
1476-4865	2003
0090-3019	2003
0094-5714	2003
0001-2351	2003
0020-2967	2003
0371-7844	2003
0371-7453	2003
0371-9553	2003
0019-493X	2003
0263-5933	2003
0085-5812	2003
0740-6797	2003
0302-0797	2003
1077-2855	2003
0953-7325	2003
0492-5882	2003
0270-3211	2003
0040-3709	2003
0377-9211	2003
0148-5016	2003
0003-942X	2003
0040-4403	2003
1091-6660	2003
0082-500X	2003
0040-9383	2003
1537-6524	2003
1051-7235	2003
0174-7371	2003
0024-7154	2003
0041-3216	2003
0049-4763	2003
0149-4147	2003
1010-7614	2003
0042-1308	2003
0042-4862	2003
0145-6296	2003
8750-7943	2003
8750-8990	2003
1266-0167	2003
1315-0855	2003
1065-514X	2003
0003-9896	2003
0944-1921	2003
0003-9136	2003
0959-7174	2003
1538-5973	2003
0093-0415	2003
0091-7648	2003
0043-5643	2003
0937-6429	2003
0043-7875	2003
0044-2887	2003
0300-5860	2003
0044-3093	2003
0044-3220	2003
0340-8159	2003
0044-4251	2003
0869-6144	2003
0003-9683	2003
0933-5846	2003
0860-7052	2003
0323-4320	2003
0303-8173	2003
0252-9289	2003
1478-6362	2003
0954-1810	2003
0971-9237	2003
0044-7897	2003
1680-7324	2003
0020-6091	2003
0004-9409	2003
0816-1089	2003
0004-9514	2003
0310-7841	2003
0004-9743	2003
0004-8682	2003
0146-4116	2003
1470-2061	2003
0005-2175	2003
1088-9485	2003
0100-3569	2003
0007-4802	2003
0256-1654	2003
0767-2861	2003
0239-7285	2003
0007-5248	2003
0037-9085	2003
0041-7084	2003
0167-4781	2003
0167-4838	2003
0005-772X	2003
0778-4031	2003
0067-8694	2003
1395-3907	2003
0001-6470	2003
1219-7580	2003
0001-6772	2003
0276-5055	2003
0006-3029	2003
0006-3126	2003
1422-4933	2003
1389-0344	2003
1040-8304	2003
0923-179X	2003
0924-9877	2003
1542-0752	2003
0006-5471	2003
0100-3569	2003
0366-1644	2003
1405-213X	2003
0006-8063	2003
1385-299X	2003
0967-9782	2003
0007-0599	2003
0300-5364	2003
0007-1129	2003
0007-1226	2003
0959-535X	2003
1358-3948	2003
1522-1059	2004
0008-3550	2004
1205-6685	2004
0001-6772	2004
1066-7814	2004
0008-4026	2004
0703-8992	2004
0008-4492	2004
0361-090X	2004
1065-4704	2004
0897-5957	2004
0967-2109	2004
1384-6574	2004
1384-6566	2004
1044-9523	2004
0886-1544	2004
1570-5870	2004
0149-6123	2004
1644-3624	2004
1644-3608	2004
0009-2223	2004
0009-3106	2004
1015-0145	2004
1473-7604	2004
0009-398X	2004
0275-1062	2004
1009-9271	2004
1003-7713	2004
1017-4370	2004
0001-821X	2004
0065-2199	2004
0065-227X	2004
1009-1963	2004
0177-9990	2004
0317-0926	2004
1055-6656	2004
1071-412X	2004
0009-9155	2004
1386-0291	2004
0141-9854	2004
1526-9655	2004
1566-2772	2004
0307-7772	2004
1096-2867	2004
1080-563X	2004
0926-6410	2004
0091-7451	2004
1560-5892	2004
0010-3632	2004
1069-8299	2004
0193-1903	2004
0097-8485	2004
0956-3385	2004
0010-4817	2004
0891-2017	2004
1093-0191	2004
0065-2571	2004
1043-7347	2004
1063-1801	2004
1078-1528	2004
1195-5449	2004
1060-0558	2004
0067-8546	2004
0197-2456	2004
0324-8569	2004
0010-8049	2004
1532-1274	2004
0010-9371	2004
1045-4411	2004
1463-0184	2004
0864-0408	2004
1468-6694	2004
0268-0890	2004
1040-0486	2004
1368-4736	2004
0196-4763	2004
0011-4626	2004
1012-0386	2004
0012-0073	2004
0091-3952	2004
0065-2970	2004
0341-6593	2004
0165-3806	2004
0394-3402	2004
1091-370X	2004
1173-8790	2004
1464-5165	2004
1015-079X	2004
1365-8050	2004
1042-5179	2004
1044-789X	2004
0012-6136	2004
0378-6501	2004
0025-7656	2004
1201-3390	2004
1492-8760	2004
0012-9402	2004
0149-0370	2004
1359-6349	2004
1335-342X	2004
8756-6621	2004
8756-663X	2004
1042-0967	2004
0954-0695	2004
0013-4902	2004
1079-6762	2004
0959-8332	2004
1024-2430	2004
0969-711X	2004
1062-3329	2004
0144-5987	2004
0090-8312	2004
1472-8915	2004
0095-8948	2004
0065-3233	2004
1073-4449	2004
0013-872X	2004
0943-0105	2004
0278-4491	2004
1262-3377	2004
0160-8347	2004
0014-1755	2004
0014-2956	2004
0960-7420	2004
1102-4151	2004
1120-3862	2004
1110-8657	2004
1018-7782	2004
1812-9269	2004
0249-5627	2004
1364-5498	2004
0015-0517	2004
0015-5551	2004
0265-203X	2004
0138-4988	2004
1424-7364	2004
0015-8003	2004
0894-9875	2004
0016-478X	2004
0270-6377	2004
1090-6576	2004
0016-7886	2004
1529-8663	2004
0002-2667	2004
1267-7167	2004
0150-5505	2004
0016-8556	2004
0016-867X	2004
0946-7475	2004
0017-1050	2004
0960-7447	2004
1434-7636	2004
0090-0222	2004
1041-1232	2004
0962-1091	2004
0017-6559	2004
0073-0874	2004
1059-7565	2004
0305-4829	2004
1351-7848	2004
0254-3052	2004
0018-1544	2004
0391-9714	2004
0890-9997	2004
0018-2214	2004
0301-0163	2004
1462-3935	2004
1050-6101	2004
1536-8599	2004
0885-6087	2004
0304-3843	2004
0074-1809	2004
0018-8670	2004
1350-2409	2004
1350-2425	2004
1350-2387	2004
1350-2379	2004
1350-2352	2004
1350-2360	2004
1350-2417	2004
1350-2433	2004
1350-2395	2004
1350-2344	2004
1350-245X	2004
1462-5970	2004
0013-5127	2004
8755-3996	2004
0895-0156	2004
0272-1708	2004
1094-7167	2004
0946-7785	2004
0889-1893	2004
1521-3323	2004
1057-7122	2004
1057-7130	2004
1521-3331	2004
1521-334X	2004
1045-9227	2004
1042-296X	2004
1063-6676	2004
0255-9609	2004
1085-1259	2004
0019-2082	2004
0019-8145	2004
1085-1259	2004
0537-197X	2004
0019-6479	2004
1420-326X	2004
0749-6524	2004
1424-5485	2004
0186-4076	2004
0797-4930	2004
1028-6624	2004
0073-8077	2004
0951-3248	2004
1063-7095	2004
1465-7058	2004
0251-1649	2004
1358-8265	2004
1069-3130	2004
0920-6299	2004
0394-6320	2004
1072-4761	2004
0195-9271	2004
0148-916X	2004
1050-1606	2004
0250-0868	2004
0192-303X	2004
1053-881X	2004
1463-9971	2004
0927-7056	2004
1099-8292	2004
1123-9344	2004
1068-2767	2004
0360-1307	2004
0021-2210	2004
1024-8072	2004
0021-3470	2004
0253-7214	2004
0894-2684	2004
0899-5362	2004
0162-1912	2004
0041-3186	2004
0041-994X	2004
1523-5475	2004
1047-3289	2004
0196-6774	2004
1074-3804	2004
0003-150X	2004
1094-5458	2004
0949-5460	2004
1439-0418	2004
0894-8763	2004
0146-6623	2004
0004-7120	2004
0004-7554	2004
0165-022X	2004
1225-8687	2004
0002-9459	2004
0363-6127	2004
0393-974X	2004
0021-9304	2004
0739-1102	2004
0273-8481	2004
1350-6277	2004
1005-9784	2004
0914-5400	2004
0951-7359	2004
0095-2338	2004
0308-2342	2004
0253-4134	2004
0253-5106	2004
1472-7781	2004
1472-779X	2004
0717-9324	2004
0368-1653	2004
0021-7697	2004
1044-5471	2004
1366-8714	2004
0361-8773	2004
1477-4739	2004
0884-6804	2004
0928-1045	2004
1525-7886	2004
1157-1489	2004
0022-0728	2004
0920-5071	2004
1050-6586	2004
0960-3131	2004
0968-0519	2004
0939-8600	2004
0392-9078	2004
1548-8969	2004
1053-4245	2004
1065-7258	2004
0266-7681	2004
0073-0912	2004
1525-8165	2004
0926-6801	2004
1435-232X	2004
0306-7297	2004
0144-2600	2004
0099-4480	2004
1025-5834	2004
1053-0495	2004
1470-5826	2004
0964-2633	2004
0065-6755	2004
1530-1567	2004
1466-0822	2004
0921-8912	2004
1087-0024	2004
0013-7626	2004
0915-1168	2004
0022-2143	2004
1532-1797	2004
1062-0656	2004
0261-8028	2004
0023-608X	2004
1065-1438	2004
0948-5023	2004
1046-0756	2004
1058-8108	2004
0303-6995	2004
0022-3034	2004
0300-4864	2004
0028-7199	2004
0340-2061	2004
0003-276X	2004
1552-4884	2004
0453-4514	2004
1464-4258	2004
1464-4266	2004
1439-0361	2004
0381-6605	2004
0743-7315	2004
1397-002X	2004
0094-8705	2004
0305-4470	2004
1155-4339	2004
0970-0838	2004
0277-8033	2004
0957-4832	2004
0022-409X	2004
1060-3999	2004
0741-2223	2004
0035-8835	2004
0039-0526	2004
0038-223X	2004
1071-5576	2004
0090-4996	2004
1627-3583	2004
1357-7298	2004
0003-4592	2004
0096-882X	2004
0896-1107	2004
0040-9618	2004
0098-4108	2004
0731-3810	2004
0731-3829	2004
0731-3837	2004
0896-548X	2004
0733-4680	2004
1005-8850	2004
1534-6935	2004
0931-184X	2004
0931-1793	2004
0193-7197	2004
1049-8907	2004
0922-5773	2004
1524-6094	2004
0007-084X	2004
1067-8239	2004
0021-4868	2004
0910-5050	2004
0021-5198	2004
0039-906X	2004
0021-521X	2004
0389-4304	2004
1344-7912	2004
1340-8054	2004
1344-7653	2004
0920-3036	2004
0022-9520	2004
1013-9826	2004
0132-6244	2004
0254-5934	2004
1226-4865	2004
0945-0084	2004
1473-0189	2004
0023-7302	2004
0003-3944	2004
0003-3995	2004
0278-6273	2004
0740-2511	2004
0302-9743	2004
0302-9743	2004
0170-8643	2004
0929-5666	2004
1210-3306	2004
0106-9543	2004
0301-6226	2004
0024-7154	2004
1022-1360	2004
0334-7575	2004
1672-6650	2004
1600-5368	2004
0091-181X	2004
0255-5476	2004
1341-1683	2004
0882-8121	2004
1537-6532	2004
0890-5452	2004
1463-9238	2004
0066-2313	2004
0003-410X	2004
0003-4118	2004
0098-1532	2004
1080-4013	2004
0161-5149	2004
0026-0746	2004
1081-0595	2004
1436-5073	2004
1089-3954	2004
0026-3648	2004
0950-6098	2004
0169-328X	2004
1471-8278	2004
0723-1520	2004
1092-5783	2004
0953-7562	2004
0027-769X	2004
0028-0712	2004
1057-5634	2004
1530-4086	2004
0003-4169	2004
1022-7091	2004
1471-0048	2004
1545-9985	2004
0306-0209	2004
0547-051X	2004
0028-2448	2004
0250-4960	2004
0028-2766	2004
0028-2960	2004
0028-3630	2004
0028-3649	2004
0941-9500	2004
0301-2603	2004
0894-878X	2004
0948-6259	2004
0893-6609	2004
1384-1092	2004
1344-9931	2004
0028-8446	2004
0886-1714	2004
0369-4577	2004
0002-1407	2004
0029-1277	2004
1528-2511	2004
0915-2334	2004
0140-4067	2004
0920-5632	2004
1594-9982	2004
1124-1896	2004
0746-1739	2004
0894-3184	2004
1071-7323	2004
0003-4401	2004
1056-8700	2004
0399-1784	2004
0391-2612	2004
0030-0950	2004
0078-5326	2004
1082-3069	2004
0902-0055	2004
1079-2104	2004
0097-3157	2004
0082-0784	2004
0253-4134	2004
0370-047X	2004
0149-144X	2004
0031-1243	2004
1079-7440	2004
1522-7952	2004
1056-3466	2004
1040-2519	2004
0031-5117	2004
0960-314X	2004
0901-9928	2004
0141-8610	2004
0141-8637	2004
0031-9090	2004
0204-3467	2004
0556-2821	2004
1063-651X	2004
0031-8965	2004
1460-2733	2004
0893-5785	2004
1051-9998	2004
1084-0184	2004
0360-3164	2004
1544-9173	2004
0335-4997	2004
0137-5083	2004
1230-6002	2004
1054-3414	2004
1087-2906	2004
1436-5693	2004
0950-3366	2004
0032-5961	2004
1479-8344	2004
0032-681X	2004
0758-1882	2004
1355-2570	2004
0032-9592	2004
0953-6639	2004
1000-3282	2004
0079-6263	2004
0079-6379	2004
0363-0951	2004
0090-6980	2004
0033-1732	2004
0944-6877	2004
0272-4987	2004
0272-4995	2004
1824-4661	2004
1611-020X	2004
0931-8771	2004
0212-0569	2004
0133-1736	2004
1077-2014	2004
0079-9963	2004
1060-6823	2004
0926-5287	2004
1465-9921	2004
1516-3598	2004
0035-1040	2004
0014-2565	2004
1069-3599	2004
1019-8113	2004
0335-7457	2004
0716-0208	2004
1155-4452	2004
1120-9976	2004
1438-9029	2004
0370-663X	2004
0371-7208	2004
0257-7615	2004
0036-4827	2004
0371-0459	2004
0284-4311	2004
0036-7699	2004
1006-9283	2004
1006-9291	2004
1006-9305	2004
1006-9313	2004
1006-9321	2004
1009-2757	2004
0919-3758	2004
0037-1017	2004
1055-937X	2004
0003-6935	2004
0360-2540	2004
0927-6947	2004
0037-5225	2004
0928-4869	2004
1438-5163	2004
1523-0481	2004
0096-4522	2004
1012-0394	2004
0303-8408	2004
0924-8625	2004
0169-1015	2004
1064-668X	2004
1353-2561	2004
1041-696X	2004
0344-4325	2004
0081-3869	2004
0177-4832	2004
0177-4832	2004
1157-1489	2004
0562-1887	2004
0167-2991	2004
1476-4865	2004
0090-3019	2004
1279-8517	2004
0148-5016	2004
0094-5714	2004
0001-2351	2004
1477-0369	2004
0020-2967	2004
0371-9553	2004
0019-493X	2004
0263-5933	2004
0085-5812	2004
0302-0797	2004
1077-2855	2004
0953-7325	2004
0492-5882	2004
0270-3211	2004
0040-3709	2004
0040-4403	2004
1091-6660	2004
0082-500X	2004
0040-9383	2004
1537-6524	2004
0174-7371	2004
0024-7154	2004
0041-3216	2004
0049-4763	2004
1010-7614	2004
1369-0523	2004
0141-0814	2004
0042-1308	2004
0003-942X	2004
0003-9896	2004
0944-1921	2004
0003-9136	2004
0042-4862	2004
0145-6296	2004
8750-7943	2004
8750-8990	2004
1266-0167	2004
1065-514X	2004
0959-7174	2004
1538-5973	2004
0093-0415	2004
0091-7648	2004
0043-5643	2004
0937-6429	2004
0012-6136	2004
0043-7875	2004
0044-2887	2004
0300-5860	2004
0044-3093	2004
0044-3220	2004
0340-8159	2004
0044-4251	2004
0869-6144	2004
0044-4588	2004
0003-9683	2004
0860-7052	2004
0323-4320	2004
0303-8173	2004
0252-9289	2004
1478-6362	2004
0971-9237	2004
0044-7897	2004
1680-7324	2004
0004-9409	2004
0816-1089	2004
0004-9514	2004
0004-9743	2004
0146-4116	2004
1470-2061	2004
1088-9485	2004
0100-3569	2004
0007-4802	2004
0256-1654	2004
0767-2861	2004
0239-7285	2004
0007-5248	2004
0041-7084	2004
0167-4781	2004
0167-4838	2004
0005-772X	2004
0778-4031	2004
0067-8694	2004
1395-3907	2004
0001-6470	2004
0006-3029	2004
0006-3126	2004
1389-0344	2004
1040-8304	2004
0924-9877	2004
1542-0752	2004
0006-5471	2004
0366-1644	2004
1405-213X	2004
0006-8063	2004
1385-299X	2004
1465-5411	2004
0967-9782	2004
0007-0599	2004
0007-1226	2004
0959-535X	2004
1358-3948	2004
1522-1059	2005
0007-1226	2005
0959-8146	2005
1358-3948	2005
0001-6772	2005
0529-1526	2005
0008-3550	2005
1205-6685	2005
1066-7814	2005
0008-4026	2005
0703-8992	2005
0008-4492	2005
0361-090X	2005
0897-5957	2005
0967-2109	2005
1384-6566	2005
0886-1544	2005
1570-5870	2005
0149-6123	2005
1644-3624	2005
1644-3608	2005
0009-2223	2005
0009-3106	2005
1015-0145	2005
0009-272X	2005
1473-7604	2005
0001-821X	2005
0009-398X	2005
1009-9271	2005
1003-7713	2005
1017-4370	2005
1009-1963	2005
0177-9990	2005
0317-0926	2005
1055-6656	2005
1071-412X	2005
0009-9155	2005
1386-0291	2005
0141-9854	2005
1526-9655	2005
1566-2772	2005
0307-7772	2005
1096-2867	2005
0731-3810	2005
1536-2302	2005
1080-563X	2005
0734-9343	2005
0926-6410	2005
0091-7451	2005
0010-3632	2005
1069-8299	2005
0193-1903	2005
0065-2199	2005
0065-227X	2005
0956-3385	2005
0097-8930	2005
0010-4817	2005
0891-2017	2005
1063-1801	2005
1078-1528	2005
1195-5449	2005
1060-0558	2005
0197-2456	2005
0324-8569	2005
0010-8049	2005
0010-9371	2005
1045-4411	2005
1463-0184	2005
0864-0408	2005
1468-6694	2005
0268-0890	2005
1040-0486	2005
1093-0191	2005
0065-2571	2005
0011-4626	2005
1012-0386	2005
0012-0073	2005
0341-6593	2005
0165-3806	2005
0394-3402	2005
1091-370X	2005
1173-8790	2005
1365-8050	2005
1042-5179	2005
1044-789X	2005
0378-6501	2005
0025-7656	2005
1201-3390	2005
1492-8760	2005
0012-9402	2005
0149-0370	2005
1359-6349	2005
1335-342X	2005
8756-6621	2005
8756-663X	2005
1042-0967	2005
1079-6762	2005
0959-8332	2005
0065-3233	2005
1073-4449	2005
0969-711X	2005
1062-3329	2005
0144-5987	2005
0090-8312	2005
1472-8915	2005
0095-8948	2005
0013-872X	2005
0943-0105	2005
0278-4491	2005
1262-3377	2005
0160-8347	2005
0014-1755	2005
0014-2956	2005
0960-7420	2005
1110-8657	2005
1812-9269	2005
1364-5498	2005
0015-0517	2005
1529-7853	2005
0097-6156	2005
0265-203X	2005
1424-7364	2005
0015-8003	2005
0894-9875	2005
0016-626X	2005
0249-5627	2005
0270-6377	2005
1090-6576	2005
1364-0380	2005
0150-5505	2005
0016-8556	2005
0016-867X	2005
0946-7475	2005
0017-1050	2005
1434-7636	2005
1041-1232	2005
0073-0874	2005
0738-0232	2005
0195-8631	2005
0305-4829	2005
1351-7848	2005
0254-3052	2005
0018-1544	2005
0391-9714	2005
0890-9997	2005
0301-0163	2005
1462-3935	2005
1536-8599	2005
0885-6087	2005
1529-8663	2005
0002-2667	2005
1267-7167	2005
0304-3843	2005
0074-1809	2005
0018-8670	2005
1350-2409	2005
1350-2425	2005
1350-2387	2005
1350-2379	2005
1350-2352	2005
1350-2360	2005
1350-2417	2005
1350-2433	2005
1350-2395	2005
1350-2344	2005
1350-245X	2005
1462-5970	2005
0013-5127	2005
8755-3996	2005
1521-3323	2005
1057-7122	2005
1057-7130	2005
1521-3331	2005
1521-334X	2005
1045-9227	2005
1063-6676	2005
0019-2082	2005
0019-8145	2005
1542-894X	2005
0019-6479	2005
1420-326X	2005
0749-6524	2005
0946-7785	2005
0889-1893	2005
0186-4076	2005
0797-4930	2005
1028-6624	2005
0951-3248	2005
1063-7095	2005
1465-7058	2005
0251-1649	2005
1358-8265	2005
1069-3130	2005
0920-6299	2005
0394-6320	2005
1072-4761	2005
0195-9271	2005
0148-916X	2005
0250-0868	2005
0192-303X	2005
1053-881X	2005
1463-9971	2005
0927-7056	2005
1099-8292	2005
1123-9344	2005
1068-2767	2005
0360-1307	2005
0021-2210	2005
0021-3470	2005
0253-7214	2005
0894-2684	2005
0162-1912	2005
0041-994X	2005
1523-5475	2005
1047-3289	2005
0196-6774	2005
1074-3804	2005
0893-8652	2005
0003-150X	2005
0002-9459	2005
1094-5458	2005
0949-5460	2005
0894-8763	2005
0146-6623	2005
0004-7120	2005
0165-022X	2005
1225-8687	2005
0393-974X	2005
0739-1102	2005
0273-8481	2005
1350-6277	2005
1005-9784	2005
0914-5400	2005
0951-7359	2005
0308-2342	2005
0253-4134	2005
0253-5106	2005
0717-9324	2005
0368-1653	2005
0021-7697	2005
1044-5471	2005
1366-8714	2005
0361-8773	2005
1477-4739	2005
0363-6127	2005
1050-6586	2005
0884-6804	2005
0928-1045	2005
1525-7886	2005
1157-1489	2005
0022-0728	2005
0920-5071	2005
0968-0519	2005
0747-9964	2005
1496-2551	2005
0939-8600	2005
0392-9078	2005
1548-8969	2005
1053-4245	2005
1065-7258	2005
0065-6755	2005
1530-1567	2005
0266-7681	2005
0073-0912	2005
1525-8165	2005
0926-6801	2005
0144-2600	2005
0964-2633	2005
1087-0024	2005
0013-7626	2005
0915-1168	2005
0022-2143	2005
1532-1797	2005
0261-8028	2005
0023-608X	2005
1065-1438	2005
1537-1646	2005
1466-0822	2005
0921-8912	2005
0340-2061	2005
1046-0756	2005
0303-6995	2005
0022-3034	2005
0300-4864	2005
0028-7199	2005
0453-4514	2005
1464-4258	2005
1464-4266	2005
0381-6605	2005
0743-7315	2005
1397-002X	2005
0094-8705	2005
0305-4470	2005
1155-4339	2005
0970-0838	2005
1552-4884	2005
1627-3583	2005
1357-7298	2005
0277-8033	2005
0957-4832	2005
0022-409X	2005
1060-3999	2005
0741-2223	2005
0039-0526	2005
0038-223X	2005
1071-5576	2005
0096-882X	2005
0896-1107	2005
0098-4108	2005
0731-3810	2005
0731-3829	2005
0731-3837	2005
0896-548X	2005
0733-4680	2005
1079-6061	2005
1005-8850	2005
0931-184X	2005
0931-1793	2005
1049-8907	2005
0922-5773	2005
0003-4592	2005
0003-3944	2005
1071-2232	2005
1524-6094	2005
0007-084X	2005
0021-4868	2005
0039-906X	2005
0021-521X	2005
1344-7912	2005
1340-8054	2005
1344-7653	2005
0920-3036	2005
1013-9826	2005
0132-6244	2005
0254-5934	2005
1226-4865	2005
0945-0084	2005
0023-7302	2005
0138-4988	2005
1672-6650	2005
1600-5368	2005
0302-9743	2005
0302-9743	2005
0170-8643	2005
0929-5666	2005
0301-6226	2005
0024-7154	2005
1022-1360	2005
0334-7575	2005
0003-3995	2005
0255-5476	2005
1341-1683	2005
0137-1339	2005
0882-8121	2005
1537-6532	2005
1463-9238	2005
0098-1532	2005
1080-4013	2005
0047-5955	2005
0161-5149	2005
1081-0595	2005
1089-3954	2005
0026-3648	2005
0003-410X	2005
0003-4118	2005
1530-4086	2005
0003-4169	2005
0169-328X	2005
1471-8278	2005
1092-5783	2005
0953-7562	2005
0027-769X	2005
0028-0712	2005
1471-0048	2005
1545-9985	2005
0306-0209	2005
0547-051X	2005
0250-4960	2005
0028-2960	2005
0028-3630	2005
0028-3649	2005
0941-9500	2005
0301-2603	2005
0948-6259	2005
0893-6609	2005
0003-4401	2005
1344-9931	2005
0028-8446	2005
0886-1714	2005
0002-1407	2005
0029-1277	2005
0915-2334	2005
0140-4067	2005
0920-5632	2005
0892-2055	2005
1594-9982	2005
1124-1896	2005
0894-3184	2005
1071-7323	2005
0399-1784	2005
0391-2612	2005
0030-0950	2005
0078-5326	2005
1082-3069	2005
0902-0055	2005
1079-2104	2005
0097-3157	2005
0044-7870	2005
0082-0784	2005
1056-8700	2005
0253-4134	2005
0370-047X	2005
0149-144X	2005
0031-1243	2005
1079-7440	2005
1522-7952	2005
0031-5117	2005
0960-314X	2005
0901-9928	2005
0031-9090	2005
1040-2519	2005
1087-2906	2005
0031-8965	2005
1460-2733	2005
0893-5785	2005
1051-9998	2005
1084-0184	2005
0360-3164	2005
1544-9173	2005
1553-734X	2005
1553-7390	2005
1549-1277	2005
0335-4997	2005
0137-5083	2005
1230-6002	2005
1054-3414	2005
0032-5961	2005
1479-8344	2005
0032-681X	2005
0758-1882	2005
1355-2570	2005
0953-6639	2005
1000-3282	2005
0079-6263	2005
0033-1732	2005
1436-5693	2005
0944-6877	2005
0272-4987	2005
0272-4995	2005
1824-4661	2005
1611-020X	2005
0133-1736	2005
1077-2014	2005
0079-9963	2005
1060-6823	2005
0926-5287	2005
1465-9921	2005
1058-7195	2005
1516-3598	2005
0035-1040	2005
0014-2565	2005
1069-3599	2005
1019-8113	2005
0335-7457	2005
0716-0208	2005
1155-4452	2005
1120-9976	2005
1438-9029	2005
0036-4827	2005
0371-0459	2005
0284-4311	2005
0036-7699	2005
1006-9283	2005
1006-9291	2005
1006-9305	2005
1006-9313	2005
1006-9321	2005
1009-2757	2005
1672-1799	2005
0919-3758	2005
0037-1017	2005
1055-937X	2005
0927-6947	2005
0037-5225	2005
1523-0481	2005
0096-4522	2005
1012-0394	2005
0003-6935	2005
0303-8408	2005
0924-8625	2005
0169-1015	2005
1064-668X	2005
1353-2561	2005
0344-4325	2005
0081-3869	2005
1157-1489	2005
0562-1887	2005
0167-2991	2005
1476-4865	2005
0090-3019	2005
1279-8517	2005
1741-2471	2005
0001-2351	2005
1477-0369	2005
0020-2967	2005
0019-493X	2005
0263-5933	2005
0302-0797	2005
1077-2855	2005
0492-5882	2005
0270-3211	2005
0040-4403	2005
0148-5016	2005
0082-500X	2005
0040-9383	2005
1537-6524	2005
0731-3837	2005
0024-7154	2005
0049-4763	2005
1369-0523	2005
0141-0814	2005
1433-0563	2005
0042-1308	2005
0042-4862	2005
0145-6296	2005
8750-7943	2005
8750-8990	2005
1528-3593	2005
1266-0167	2005
0951-7359	2005
1538-5973	2005
0003-9896	2005
0944-1921	2005
0003-9136	2005
0003-9683	2005
0091-7648	2005
0043-5643	2005
0937-6429	2005
0043-7875	2005
0044-2887	2005
0300-5860	2005
0044-3093	2005
0044-3220	2005
0340-8159	2005
0044-4251	2005
0869-6144	2005
0044-4588	2005
0044-4588	2005
0323-4320	2005
0303-8173	2005
0252-9289	2005
1424-6376	2005
1478-6362	2005
0971-9237	2005
0044-7897	2005
1680-7324	2005
0004-9409	2005
0816-1089	2005
0004-9514	2005
0004-9743	2005
1470-2061	2005
0007-4802	2005
0256-1654	2005
0767-2861	2005
0239-7285	2005
0007-5248	2005
0167-4781	2005
0005-772X	2005
0778-4031	2005
1395-3907	2005
1219-7580	2005
0067-8694	2005
0006-3029	2005
0006-3126	2005
1389-0344	2005
0924-9877	2005
1542-0752	2005
1471-2237	2005
0006-5471	2005
1405-213X	2005
0006-8063	2005
1385-299X	2005
1465-5411	2005
0967-9782	2005
1522-1059	2006
0967-9782	2006
1462-3935	2006
0007-1226	2006
0001-6772	2006
0529-1526	2006
0959-8146	2006
1358-3948	2006
0008-3550	2006
1066-7814	2006
0008-4026	2006
0703-8992	2006
0008-4492	2006
0361-090X	2006
0897-5957	2006
0886-1544	2006
1570-5870	2006
0149-6123	2006
0009-2223	2006
1015-0145	2006
1473-7604	2006
1009-9271	2006
1003-7713	2006
1009-1963	2006
0177-9990	2006
1055-6656	2006
1071-412X	2006
1386-0291	2006
1555-905X	2006
0141-9854	2006
1526-9655	2006
1557-9190	2006
1566-2772	2006
1096-2867	2006
0731-3810	2006
1536-2302	2006
1080-563X	2006
0734-9343	2006
0926-6410	2006
0010-3632	2006
1069-8299	2006
1422-2795	2006
0193-1903	2006
0065-2199	2006
0065-227X	2006
0956-3385	2006
0097-8930	2006
0010-4817	2006
0891-2017	2006
1078-1528	2006
1060-0558	2006
0197-2456	2006
0324-8569	2006
0010-8049	2006
0010-9371	2006
1045-4411	2006
0864-0408	2006
1468-6694	2006
0268-0890	2006
1093-0191	2006
0011-4626	2006
0012-0073	2006
0341-6593	2006
0165-3806	2006
0394-3402	2006
1173-8790	2006
1015-079X	2006
1365-8050	2006
1042-5179	2006
1044-789X	2006
0378-6501	2006
1201-3390	2006
1492-8760	2006
0012-9402	2006
0149-0370	2006
1359-6349	2006
0065-2970	2006
0065-3233	2006
1073-4449	2006
8756-6621	2006
8756-663X	2006
1042-0967	2006
1081-3810	2006
1079-6762	2006
0959-8332	2006
0969-711X	2006
1062-3329	2006
0144-5987	2006
0090-8312	2006
1556-7257	2006
1472-8915	2006
0095-8948	2006
0013-872X	2006
0943-0105	2006
0278-4491	2006
1262-3377	2006
0160-8347	2006
0014-2956	2006
0960-7420	2006
1110-8657	2006
1543-8600	2006
1364-5498	2006
1529-7853	2006
0015-0517	2006
0265-203X	2006
1424-7364	2006
0894-9875	2006
0249-5627	2006
0039-0771	2006
0016-626X	2006
0270-6377	2006
1090-6576	2006
1474-760X	2006
1364-0380	2006
0016-8556	2006
0016-867X	2006
0946-7475	2006
0017-1050	2006
1434-7636	2006
1041-1232	2006
0195-8631	2006
0305-4829	2006
1351-7848	2006
1466-4860	2006
0254-3052	2006
0391-9714	2006
0890-9997	2006
1267-7167	2006
0301-0163	2006
1462-3935	2006
1536-8599	2006
0885-6087	2006
0304-3843	2006
0018-8670	2006
1741-2471	2006
1350-2409	2006
1350-2425	2006
1350-2387	2006
1350-2379	2006
1350-2352	2006
1350-2360	2006
1350-2417	2006
1350-2433	2006
1350-2395	2006
1350-2344	2006
1462-5970	2006
1350-245X	2006
0013-5127	2006
8755-3996	2006
1521-3323	2006
1057-7122	2006
1057-7130	2006
1521-3331	2006
1521-334X	2006
1045-9227	2006
1063-6676	2006
0019-2082	2006
0946-7785	2006
0019-8145	2006
0019-6479	2006
1420-326X	2006
0749-6524	2006
0186-4076	2006
0797-4930	2006
1028-6624	2006
1465-7058	2006
0251-1649	2006
1358-8265	2006
1534-892X	2006
0920-6299	2006
0394-6320	2006
1072-4761	2006
0219-6220	2006
0195-9271	2006
1349-4198	2006
0250-0868	2006
0192-303X	2006
1053-881X	2006
1463-9971	2006
0927-7056	2006
1099-8292	2006
1123-9344	2006
0360-1307	2006
0021-2210	2006
0894-2684	2006
0162-1912	2006
0041-994X	2006
1523-5475	2006
1047-3289	2006
0002-9459	2006
0196-6774	2006
1074-3804	2006
0003-150X	2006
0146-6623	2006
0004-7120	2006
0165-022X	2006
1225-8687	2006
0393-974X	2006
0739-1102	2006
0273-8481	2006
1005-9784	2006
0914-5400	2006
0308-2342	2006
0253-4134	2006
0253-5106	2006
0717-9324	2006
0368-1653	2006
0021-7697	2006
0363-6127	2006
1050-6586	2006
1044-5471	2006
1477-4739	2006
0928-1045	2006
1525-7886	2006
1063-8016	2006
0022-0728	2006
0920-5071	2006
0968-0519	2006
1496-2551	2006
0392-9078	2006
0065-6755	2006
1530-1567	2006
1065-7258	2006
0266-7681	2006
0073-0912	2006
0944-1166	2006
0926-6801	2006
0306-7297	2006
0964-2633	2006
1087-0024	2006
0013-7626	2006
0915-1168	2006
0022-2143	2006
1532-1797	2006
0340-2061	2006
0023-608X	2006
1065-1438	2006
1537-1646	2006
1046-0756	2006
0303-6995	2006
0022-3034	2006
0300-4864	2006
0028-7199	2006
0453-4514	2006
1464-4258	2006
1464-4266	2006
0381-6605	2006
0743-7315	2006
1552-4884	2006
1627-3583	2006
1357-7298	2006
0094-8705	2006
0305-4470	2006
1155-4339	2006
0970-0838	2006
0022-409X	2006
1060-3999	2006
0741-2223	2006
0038-223X	2006
1071-5576	2006
0096-882X	2006
0896-1107	2006
0003-4592	2006
0003-3944	2006
0098-4108	2006
0731-3810	2006
0731-3829	2006
0731-3837	2006
0896-548X	2006
1005-8850	2006
0931-184X	2006
0931-1793	2006
0922-5773	2006
0007-084X	2006
1672-6650	2006
1600-5368	2006
0021-4868	2006
0039-906X	2006
0021-521X	2006
1344-7912	2006
1340-8054	2006
1344-7653	2006
0920-3036	2006
0132-6244	2006
0219-1377	2006
0254-5934	2006
1226-4865	2006
0945-0084	2006
0023-7302	2006
0301-6226	2006
0003-3995	2006
0334-7575	2006
1341-1683	2006
0137-1339	2006
0882-8121	2006
1537-6532	2006
1463-9238	2006
1080-4013	2006
0047-5955	2006
0161-5149	2006
1081-0595	2006
0003-4118	2006
1530-4086	2006
0003-4169	2006
1074-407X	2006
1089-3954	2006
0169-328X	2006
1471-8278	2006
1092-5783	2006
0953-7562	2006
0027-769X	2006
1743-4297	2006
1745-8366	2006
1743-4378	2006
1745-8323	2006
1745-834X	2006
1743-4254	2006
1745-8382	2006
1743-4270	2006
0028-0712	2006
1471-0048	2006
1545-9985	2006
0306-0209	2006
0028-3630	2006
0003-4401	2006
0028-3649	2006
0301-2603	2006
0948-6259	2006
0893-6609	2006
1344-9931	2006
0886-1714	2006
0002-1407	2006
0029-1277	2006
0140-4067	2006
0892-2055	2006
1594-9982	2006
1124-1896	2006
0746-1739	2006
0894-3184	2006
1071-7323	2006
1071-7323	2006
0391-2612	2006
0030-0950	2006
1056-8700	2006
0078-5326	2006
0902-0055	2006
1079-2104	2006
0097-3157	2006
0370-047X	2006
0031-1243	2006
1079-7440	2006
0031-5117	2006
1040-2519	2006
0960-314X	2006
0031-9090	2006
0031-8965	2006
0893-5785	2006
1051-9998	2006
1084-0184	2006
1544-9173	2006
1553-734X	2006
1553-7390	2006
1549-1277	2006
1553-7366	2006
0335-4997	2006
0137-5083	2006
1230-6002	2006
0032-5961	2006
1479-8344	2006
0032-681X	2006
1746-8841	2006
1355-2570	2006
0953-6639	2006
1000-3282	2006
0079-6263	2006
0033-1732	2006
0944-6877	2006
0272-4987	2006
0272-4995	2006
1824-4661	2006
1611-020X	2006
0133-1736	2006
1077-2014	2006
0079-9963	2006
1060-6823	2006
0926-5287	2006
1465-9921	2006
1058-7195	2006
1516-3598	2006
0035-1040	2006
0014-2565	2006
1069-3599	2006
1019-8113	2006
0335-7457	2006
0716-0208	2006
1438-9029	2006
0036-4827	2006
0371-0459	2006
0284-4311	2006
0036-7699	2006
1006-9283	2006
1006-9291	2006
1006-9305	2006
1006-9313	2006
1006-9321	2006
1009-2757	2006
1672-1799	2006
0919-3758	2006
0037-1017	2006
1055-937X	2006
0003-6935	2006
0927-6947	2006
0037-5225	2006
0096-4522	2006
0303-8408	2006
0924-8625	2006
1542-7390	2006
0169-1015	2006
1064-668X	2006
0344-4325	2006
0081-3869	2006
0562-1887	2006
1476-4865	2006
0090-3019	2006
1279-8517	2006
0148-5016	2006
1741-2471	2006
0001-2351	2006
0020-2967	2006
0019-493X	2006
0263-5933	2006
0302-0797	2006
0492-5882	2006
0040-4403	2006
0040-9383	2006
1537-6524	2006
0049-4763	2006
1369-0523	2006
0141-0814	2006
1433-0563	2006
0042-1308	2006
0003-9896	2006
0944-1921	2006
0003-9136	2006
0003-9683	2006
0042-4862	2006
0145-6296	2006
8750-7943	2006
8750-8990	2006
1528-3593	2006
0091-7648	2006
0043-5643	2006
0323-4320	2006
0303-8173	2006
0937-6429	2006
0300-5860	2006
0044-3093	2006
0044-3220	2006
0340-8159	2006
0044-4251	2006
0044-4588	2006
0044-4588	2006
1661-464X	2006
1424-6376	2006
1478-6362	2006
0044-7897	2006
0004-9409	2006
0816-1089	2006
0004-9514	2006
0004-9743	2006
1470-2061	2006
0007-4802	2006
0256-1654	2006
0767-2861	2006
0007-5248	2006
0167-4781	2006
0005-772X	2006
0778-4031	2006
1395-3907	2006
0067-8694	2006
0006-3029	2006
0006-3126	2006
1389-0344	2006
1542-0752	2006
1471-2237	2006
1405-213X	2006
0037-8763	2006
0006-8063	2006
1385-299X	2006
1465-5411	2006
1471-2237	2007
1405-213X	2007
0006-8063	2007
1687-2762	2007
0001-6772	2007
0529-1526	2007
1559-7105	2007
1385-299X	2007
1465-5411	2007
0007-1226	2007
0959-8146	2007
1358-3948	2007
0008-3550	2007
1205-6685	2007
1066-7814	2007
0008-4026	2007
0008-4492	2007
0361-090X	2007
0897-5957	2007
0886-1544	2007
1570-5870	2007
0009-2223	2007
1015-0145	2007
1473-7604	2007
1009-9271	2007
1003-7713	2007
1009-1963	2007
0177-9990	2007
1135-8122	2007
1055-6656	2007
1071-412X	2007
1386-0291	2007
1555-905X	2007
0141-9854	2007
1526-9655	2007
1566-2772	2007
1096-2867	2007
0065-2199	2007
0065-227X	2007
1536-2302	2007
1080-563X	2007
0734-9343	2007
0926-6410	2007
0010-3632	2007
1069-8299	2007
1422-2795	2007
0193-1903	2007
0956-3385	2007
0097-8930	2007
0891-2017	2007
1078-1528	2007
1060-0558	2007
0956-3385	2007
0324-8569	2007
0010-8049	2007
0010-9371	2007
1687-1839	2007
0864-0408	2007
1468-6694	2007
0268-0890	2007
0011-4626	2007
0012-0073	2007
0341-6593	2007
0165-3806	2007
1173-8790	2007
1015-079X	2007
1365-8050	2007
1042-5179	2007
0065-2970	2007
0065-3233	2007
1044-789X	2007
0012-9402	2007
0149-0370	2007
1359-6349	2007
8756-6621	2007
8756-663X	2007
1042-0967	2007
1081-3810	2007
1079-6762	2007
0969-711X	2007
1062-3329	2007
0144-5987	2007
0090-8312	2007
1556-7257	2007
1472-8915	2007
0095-8948	2007
0013-872X	2007
0943-0105	2007
0278-4491	2007
1181-8700	2007
1684-5315	2007
0441-6651	2007
1262-3377	2007
0160-8347	2007
1529-7853	2007
1687-6172	2007
1364-5498	2007
0015-0517	2007
1687-1820	2007
0265-203X	2007
1746-0875	2007
0039-0771	2007
0016-626X	2007
1090-6576	2007
1474-760X	2007
1603-9769	2007
1364-0380	2007
0016-8556	2007
0016-867X	2007
1267-7167	2007
0946-7475	2007
1434-7636	2007
1041-1232	2007
0195-8631	2007
1351-7848	2007
1466-4860	2007
0254-3052	2007
0391-9714	2007
0890-9997	2007
0301-0163	2007
1462-3935	2007
0885-6087	2007
0304-3843	2007
0018-8670	2007
1741-2471	2007
1350-2409	2007
1350-2425	2007
1350-2379	2007
1350-2352	2007
1350-2360	2007
1350-2417	2007
1478-1581	2007
1350-2433	2007
1350-2395	2007
1350-2344	2007
1462-5970	2007
0013-5127	2007
8755-3996	2007
0946-7785	2007
1521-3323	2007
1521-3331	2007
1521-334X	2007
1045-9227	2007
1063-6676	2007
0019-2082	2007
0019-8145	2007
0019-6479	2007
1420-326X	2007
0749-6524	2007
0186-4076	2007
0797-4930	2007
1028-6624	2007
1076-7460	2007
1465-7058	2007
1542-6580	2007
1358-8265	2007
1534-892X	2007
0920-6299	2007
0394-6320	2007
1072-4761	2007
0219-6220	2007
0195-9271	2007
1349-4198	2007
0148-916X	2007
1176-9114	2007
0219-6913	2007
1687-3017	2007
1528-3356	2007
1053-881X	2007
1123-9344	2007
0021-2210	2007
0894-2684	2007
0162-1912	2007
0041-994X	2007
1523-5475	2007
1047-3289	2007
0196-6774	2007
0003-150X	2007
0002-9459	2007
0363-6127	2007
0146-6623	2007
0004-7120	2007
0165-022X	2007
1225-8687	2007
0393-974X	2007
0739-1102	2007
0273-8481	2007
1005-9784	2007
0308-2342	2007
0253-4134	2007
0253-5106	2007
0717-9324	2007
0368-1653	2007
0021-7697	2007
1477-4739	2007
1050-6586	2007
0928-1045	2007
1525-7886	2007
1063-8016	2007
0022-0728	2007
0920-5071	2007
0968-0519	2007
1496-2551	2007
1537-2537	2007
0392-9078	2007
1065-7258	2007
0065-6755	2007
1530-1567	2007
0073-0912	2007
0944-1166	2007
0926-6801	2007
0306-7297	2007
1025-5834	2007
1087-0024	2007
0915-1168	2007
0022-2143	2007
1532-1797	2007
0023-608X	2007
0340-2061	2007
1065-1438	2007
1537-1646	2007
1537-1646	2007
1046-0756	2007
0303-6995	2007
0022-3034	2007
0300-4864	2007
0028-7199	2007
0453-4514	2007
1464-4258	2007
1464-4266	2007
1536-5379	2007
0381-6605	2007
0743-7315	2007
1397-002X	2007
1627-3583	2007
1357-7298	2007
1155-4339	2007
1938-663X	2007
1060-3999	2007
1600-5368	2007
0741-2223	2007
0038-223X	2007
1071-5576	2007
0098-4108	2007
0003-4592	2007
0003-3944	2007
1005-8850	2007
0931-184X	2007
0931-1793	2007
0922-5773	2007
0007-084X	2007
0039-906X	2007
0021-521X	2007
1344-7912	2007
1340-8054	2007
1344-7653	2007
0920-3036	2007
0132-6244	2007
0219-1377	2007
0254-5934	2007
0023-7302	2007
0301-6226	2007
0003-4118	2007
0334-7575	2007
0137-1339	2007
0882-8121	2007
1463-9238	2007
1080-4013	2007
1081-0595	2007
1530-4086	2007
0003-4169	2007
1074-407X	2007
0169-328X	2007
1471-8278	2007
1092-5783	2007
0953-7562	2007
1743-4297	2007
1745-8366	2007
1743-4378	2007
1745-8323	2007
1745-834X	2007
1743-4254	2007
1745-8382	2007
1743-4270	2007
0028-0712	2007
1471-0048	2007
1545-9985	2007
0306-0209	2007
1880-5884	2007
0003-4401	2007
0028-3630	2007
0941-9500	2007
0301-2603	2007
0948-6259	2007
1344-9931	2007
0029-1277	2007
0892-2055	2007
1594-9982	2007
1124-1896	2007
0746-1739	2007
0894-3184	2007
1071-7323	2007
0391-2612	2007
0030-0950	2007
1056-8700	2007
0902-0055	2007
1079-2104	2007
0370-047X	2007
1094-8074	2007
0031-1243	2007
0031-5117	2007
1040-2519	2007
0031-8965	2007
0893-5785	2007
1051-9998	2007
1544-9173	2007
1555-5887	2007
1553-734X	2007
1553-7390	2007
1549-1277	2007
1553-7366	2007
0335-4997	2007
0137-5083	2007
0032-5961	2007
1479-8344	2007
0032-681X	2007
1746-8841	2007
0953-6639	2007
1000-3282	2007
1559-8985	2007
0079-6263	2007
1365-0556	2007
0033-1732	2007
0944-6877	2007
0272-4987	2007
0272-4995	2007
1824-4661	2007
1611-020X	2007
0133-1736	2007
1077-2014	2007
0079-9963	2007
0003-6935	2007
0926-5287	2007
1465-9921	2007
1058-7195	2007
0101-8175	2007
1516-3598	2007
0035-1040	2007
0014-2565	2007
1019-8113	2007
0335-7457	2007
0716-0208	2007
1438-9029	2007
0284-4311	2007
1006-9283	2007
1006-9291	2007
1006-9305	2007
1006-9313	2007
1006-9321	2007
1009-2757	2007
1672-1799	2007
0037-1017	2007
1055-937X	2007
0927-6947	2007
0037-5225	2007
0303-8408	2007
0924-8625	2007
1542-7390	2007
0169-1015	2007
1064-668X	2007
0344-4325	2007
0081-3869	2007
1544-6115	2007
0562-1887	2007
0148-5016	2007
1545-2255	2007
1356-0751	2007
0090-3019	2007
1279-8517	2007
1741-2471	2007
0001-2351	2007
0020-2967	2007
0019-493X	2007
0263-5933	2007
0302-0797	2007
0323-4320	2007
0492-5882	2007
0040-9383	2007
1537-6524	2007
0003-9136	2007
0003-9683	2007
0049-4763	2007
1433-0563	2007
0042-1308	2007
8750-7943	2007
8750-8990	2007
1528-3593	2007
0091-7648	2007
0043-5643	2007
0937-6429	2007
0300-5860	2007
0044-3093	2007
0044-3220	2007
0044-3220	2007
0340-8159	2007
0044-4251	2007
0044-4588	2007
1661-464X	2007
1424-6376	2007
1478-6362	2007
0044-7897	2007
0004-9409	2007
0816-1089	2007
0004-9514	2007
0004-9743	2007
1470-2061	2007
0256-1654	2007
0037-8763	2007
0167-4781	2007
1395-3907	2007
0005-772X	2007
0778-4031	2007
1297-6318	2007
0067-8694	2007
0006-3029	2007
0006-3126	2007
1389-0344	2007
1542-0752	2007
1471-2237	2008
0529-1526	2008
1405-213X	2008
1687-2762	2008
1559-7105	2008
1465-5411	2008
0959-8146	2008
1358-3948	2008
0008-3550	2008
1205-6685	2008
0008-4026	2008
0008-4492	2008
0361-090X	2008
0897-5957	2008
0886-1544	2008
1570-5870	2008
1538-344X	2008
0009-2223	2008
1473-7604	2008
1973-8250	2008
1009-9271	2008
1009-1963	2008
0177-9990	2008
1055-6656	2008
1386-0291	2008
0141-9854	2008
1557-9190	2008
1566-2772	2008
1096-2867	2008
1536-2302	2008
1080-563X	2008
0734-9343	2008
0010-3632	2008
1069-8299	2008
1422-2795	2008
1940-8307	2008
0956-3385	2008
0891-2017	2008
1063-1801	2008
1078-1528	2008
0956-3385	2008
0324-8569	2008
0010-8049	2008
1687-1839	2008
0864-0408	2008
0268-0890	2008
0011-4626	2008
0012-0073	2008
0341-6593	2008
0065-3233	2008
1173-8790	2008
1365-8050	2008
1042-5179	2008
1044-789X	2008
1174-5886	2008
0012-9402	2008
0149-0370	2008
1359-6349	2008
8756-6621	2008
8756-663X	2008
1042-0967	2008
1081-3810	2008
0969-711X	2008
1062-3329	2008
0144-5987	2008
1556-7257	2008
1472-8915	2008
0095-8948	2008
1960-7652	2008
0013-872X	2008
1684-5315	2008
0441-6651	2008
1996-0808	2008
0943-0105	2008
0278-4491	2008
1181-8700	2008
1262-3377	2008
1687-6172	2008
1364-5498	2008
0015-0517	2008
1687-1820	2008
0265-203X	2008
1746-0875	2008
0016-626X	2008
1267-7167	2008
1090-6576	2008
1474-760X	2008
1603-9769	2008
1364-0380	2008
0016-8556	2008
0016-867X	2008
1434-7636	2008
1041-1232	2008
0195-8631	2008
1840-2291	2008
0254-3052	2008
0391-9714	2008
0890-9997	2008
0301-0163	2008
0946-7785	2008
1554-8619	2008
0885-6087	2008
0029-1277	2008
0018-8670	2008
1741-2471	2008
1350-2409	2008
1350-2425	2008
1350-2379	2008
1350-2352	2008
1350-2360	2008
1350-2417	2008
1478-1581	2008
1350-2433	2008
1350-2395	2008
1350-2344	2008
1462-5970	2008
0013-5127	2008
8755-3996	2008
1521-3323	2008
1521-3331	2008
1521-334X	2008
1045-9227	2008
0019-2082	2008
0019-6479	2008
1420-326X	2008
0749-6524	2008
0186-4076	2008
0797-4930	2008
1028-6624	2008
1465-7058	2008
1542-6580	2008
1358-8265	2008
0920-6299	2008
1076-7460	2008
0394-6320	2008
1072-4761	2008
0219-6220	2008
0195-9271	2008
1349-4198	2008
1176-9114	2008
0219-6913	2008
1687-3017	2008
1528-3356	2008
1932-4502	2008
1123-9344	2008
0304-4556	2008
0002-9459	2008
0363-6127	2008
0894-2684	2008
0041-994X	2008
1047-3289	2008
0196-6774	2008
0003-150X	2008
0146-6623	2008
0165-022X	2008
1225-8687	2008
0393-974X	2008
0739-1102	2008
1050-6586	2008
1005-9784	2008
0308-2342	2008
0253-4134	2008
0253-5106	2008
0717-9324	2008
0368-1653	2008
1002-0705	2008
0021-7697	2008
1477-4739	2008
0928-1045	2008
1525-7886	2008
1063-8016	2008
0920-5071	2008
0065-6755	2008
1530-1567	2008
0968-0519	2008
0747-9964	2008
1496-2551	2008
1065-7258	2008
0944-1166	2008
0926-6801	2008
1025-5834	2008
0340-2061	2008
1087-0024	2008
0915-1168	2008
0022-2143	2008
0023-608X	2008
0004-8461	2008
1996-0875	2008
1065-1438	2008
1537-1646	2008
1537-1646	2008
1046-0756	2008
0303-6995	2008
0022-3034	2008
1627-3583	2008
1357-7298	2008
0453-4514	2008
1464-4258	2008
1536-5379	2008
1600-5368	2008
0743-7315	2008
1155-4339	2008
1938-663X	2008
0003-4592	2008
0003-3944	2008
1060-3999	2008
0741-2223	2008
0038-223X	2008
1071-5576	2008
0529-1526	2008
1005-8850	2008
0931-184X	2008
0931-1793	2008
0922-5773	2008
1071-2232	2008
0003-4118	2008
0007-084X	2008
0039-906X	2008
1344-7912	2008
1340-8054	2008
1344-7653	2008
0920-3036	2008
0219-1377	2008
0254-5934	2008
0023-7302	2008
0334-7575	2008
1530-4086	2008
0003-4169	2008
0137-1339	2008
0882-8121	2008
1463-9238	2008
1080-4013	2008
0047-5955	2008
1081-0595	2008
1074-407X	2008
0003-4401	2008
1471-8278	2008
0953-7562	2008
1743-4297	2008
1745-8366	2008
1743-4378	2008
1745-8323	2008
1745-834X	2008
1743-4254	2008
1745-8382	2008
1743-4270	2008
0028-0712	2008
1471-0048	2008
1545-9985	2008
0306-0209	2008
1880-5884	2008
0028-3630	2008
1056-8700	2008
0941-9500	2008
0301-2603	2008
1740-925X	2008
0948-6259	2008
1344-9931	2008
0029-1277	2008
0892-2055	2008
1594-9982	2008
1124-1896	2008
0746-1739	2008
0894-3184	2008
0391-2612	2008
0030-0950	2008
1040-2519	2008
0902-0055	2008
1079-2104	2008
0097-3157	2008
0370-047X	2008
1094-8074	2008
0031-1243	2008
0031-5117	2008
0031-9457	2008
1051-9998	2008
1544-9173	2008
1553-734X	2008
1553-7390	2008
1549-1277	2008
1553-7366	2008
0335-4997	2008
0137-5083	2008
0032-5961	2008
1479-8344	2008
0032-681X	2008
1746-8841	2008
0953-6639	2008
1000-3282	2008
1559-8985	2008
0079-6263	2008
1365-0556	2008
0033-1732	2008
0944-6877	2008
1824-4661	2008
1611-020X	2008
0133-1736	2008
0003-6935	2008
0926-5287	2008
1465-9921	2008
1058-7195	2008
0101-8175	2008
1516-3598	2008
0035-1040	2008
0014-2565	2008
1019-8113	2008
0335-7457	2008
1533-001X	2008
0716-0208	2008
1438-9029	2008
0284-4311	2008
1006-9283	2008
1006-9291	2008
1006-9305	2008
1006-9313	2008
1006-9321	2008
1009-2757	2008
1672-1799	2008
0148-5016	2008
0927-6947	2008
0323-4320	2008
0303-8408	2008
0924-8625	2008
1542-7390	2008
0169-1015	2008
1064-668X	2008
0344-4325	2008
1544-6115	2008
0562-1887	2008
1545-2255	2008
0003-9136	2008
0090-3019	2008
1279-8517	2008
0001-2351	2008
0020-2967	2008
0302-0797	2008
0492-5882	2008
0040-9383	2008
1537-6524	2008
0003-9683	2008
0049-4763	2008
1433-0563	2008
0042-1308	2008
8750-7943	2008
1528-3593	2008
0091-7648	2008
0937-6429	2008
0044-3093	2008
0044-3220	2008
0044-4251	2008
0044-4588	2008
1424-6376	2008
1478-6362	2008
1932-2143	2008
0004-9409	2008
0816-1089	2008
0004-9514	2008
0004-9743	2008
1470-2061	2008
0037-8763	2008
0778-4031	2008
1297-6318	2008
0067-8694	2008
1559-4106	2008
0006-3126	2008
1389-0344	2008
1542-0752	2008
1297-6318	2009
1559-4106	2009
1389-0344	2009
1542-0752	2009
1471-2237	2009
1687-2762	2009
1559-7105	2009
1465-5411	2009
0959-535X	2009
1358-3948	2009
0008-3550	2009
0008-4026	2009
0008-4492	2009
0361-090X	2009
0897-5957	2009
0886-1544	2009
1570-5870	2009
1538-344X	2009
0529-1526	2009
0009-2223	2009
1473-7604	2009
0718-5820	2009
1973-8250	2009
1672-2515	2009
1009-9271	2009
1009-1963	2009
0177-9990	2009
0304-5609	2009
1135-8122	2009
1055-6656	2009
1386-0291	2009
1557-9190	2009
1566-2772	2009
1096-2867	2009
1807-5932	2009
1536-2302	2009
1080-563X	2009
0734-9343	2009
0010-3632	2009
1069-8299	2009
1422-2795	2009
1940-8307	2009
0956-3385	2009
0891-2017	2009
1078-1528	2009
1230-025X	2009
0956-3385	2009
0324-8569	2009
0010-8049	2009
1518-7853	2009
0864-0408	2009
1947-6345	2009
0341-6593	2009
1687-1839	2009
1173-8790	2009
1093-507X	2009
1365-8050	2009
1042-5179	2009
1044-789X	2009
1174-5886	2009
0149-0370	2009
1359-6349	2009
8756-6621	2009
8756-663X	2009
1042-0967	2009
1081-3810	2009
0065-3233	2009
0969-711X	2009
1062-3329	2009
0144-5987	2009
1556-7257	2009
1472-8915	2009
0095-8948	2009
1960-7652	2009
0013-872X	2009
0943-0105	2009
0278-4491	2009
1181-8700	2009
1149-6576	2009
1262-3377	2009
1721-727X	2009
1991-637X	2009
1687-6172	2009
1364-5498	2009
1687-1820	2009
0265-203X	2009
1684-5315	2009
0441-6651	2009
1996-0808	2009
1996-0816	2009
0139-570X	2009
1746-0875	2009
0016-626X	2009
1090-6576	2009
1474-760X	2009
0016-710X	2009
1724-4757	2009
1811-4598	2009
1364-0380	2009
0016-867X	2009
1695-3827	2009
1434-7636	2009
0365-2807	2009
1022-663X	2009
0948-7298	2009
1041-1232	2009
0195-8631	2009
1840-2291	2009
0254-3052	2009
0391-9714	2009
0890-9997	2009
0301-0163	2009
0914-7470	2009
1554-8619	2009
0885-6087	2009
0029-1277	2009
0018-8670	2009
1053-0894	2009
1267-7167	2009
1521-3323	2009
1521-3331	2009
1521-334X	2009
1045-9227	2009
0019-2082	2009
1420-326X	2009
0749-6524	2009
0838-1925	2009
0946-7785	2009
0186-4076	2009
0797-4930	2009
1028-6624	2009
0973-1903	2009
1542-6580	2009
1875-6883	2009
1358-8265	2009
1565-012X	2009
1452-3981	2009
0920-6299	2009
1556-3758	2009
0394-6320	2009
0219-6220	2009
0195-9271	2009
1349-4198	2009
1176-9114	2009
0370-047X	2009
1992-1950	2009
1229-8557	2009
0219-6913	2009
1687-3017	2009
1827-6660	2009
1528-3356	2009
1932-4502	2009
1123-9344	2009
1131-7965	2009
1735-8094	2009
1735-0654	2009
0304-4556	2009
1076-7460	2009
0894-2684	2009
0041-994X	2009
1047-3289	2009
0196-6774	2009
0003-150X	2009
0146-6623	2009
0165-022X	2009
1225-8687	2009
0393-974X	2009
0739-1102	2009
0002-9459	2009
1005-9784	2009
0308-2342	2009
0253-4134	2009
0253-5106	2009
0717-9324	2009
0368-1653	2009
1002-0705	2009
0021-7697	2009
1477-4739	2009
1446-8263	2009
0928-1045	2009
1525-7886	2009
1063-8016	2009
0920-5071	2009
0968-0519	2009
0747-9964	2009
1496-2551	2009
0717-5906	2009
1065-7258	2009
0972-6802	2009
0944-1166	2009
0926-6801	2009
0065-6755	2009
1530-1567	2009
1025-5834	2009
1087-0024	2009
0915-1168	2009
1225-0899	2009
0023-608X	2009
1996-0875	2009
1537-1646	2009
1439-0264	2009
0718-7092	2009
1046-0756	2009
0303-6995	2009
0370-047X	2009
0453-4514	2009
1464-4258	2009
1536-5379	2009
0743-7315	2009
1938-663X	2009
1060-3999	2009
0038-223X	2009
0529-1526	2009
0003-4592	2009
1005-8850	2009
0931-184X	2009
0922-5773	2009
0007-084X	2009
0039-906X	2009
0920-3036	2009
0219-1377	2009
0254-5934	2009
0023-7302	2009
1679-7817	2009
1210-3306	2009
0717-3644	2009
0334-7575	2009
0137-1339	2009
0882-8121	2009
1296-2139	2009
1392-1207	2009
0003-4118	2009
1463-9238	2009
1305-5267	2009
1080-4013	2009
1074-407X	2009
1574-017X	2009
1471-8278	2009
1530-4086	2009
0003-4169	2009
1828-695X	2009
0953-7562	2009
1743-4297	2009
1745-8366	2009
1743-4378	2009
1745-8323	2009
1745-834X	2009
1743-4254	2009
1745-8382	2009
1743-4270	2009
0028-0712	2009
1471-0048	2009
1545-9985	2009
0306-0209	2009
1880-5884	2009
0929-7456	2009
0941-9500	2009
0301-2603	2009
1740-925X	2009
0948-6259	2009
0003-4401	2009
1344-9931	2009
0029-1277	2009
0892-2055	2009
1594-9982	2009
0746-1739	2009
0894-3184	2009
1230-6169	2009
0391-2612	2009
0030-0950	2009
1056-8700	2009
0902-0055	2009
1079-2104	2009
0097-3157	2009
1094-8074	2009
0031-1243	2009
0031-5117	2009
1029-9599	2009
0001-5415	2009
0137-1282	2009
0031-9457	2009
0100-8358	2009
1051-9998	2009
1544-9173	2009
1553-734X	2009
1553-7390	2009
1549-1277	2009
1553-7366	2009
0335-4997	2009
0137-5083	2009
0032-5961	2009
1479-8344	2009
1434-2308	2009
0032-681X	2009
1746-8841	2009
0953-6639	2009
1000-3282	2009
1559-8985	2009
0079-6263	2009
0079-6379	2009
0033-1732	2009
0033-2097	2009
0944-6877	2009
1824-4661	2009
1611-020X	2009
0133-1736	2009
1385-3139	2009
1465-9921	2009
1058-7195	2009
0104-4230	2009
0103-846X	2009
0101-8175	2009
1516-3598	2009
0035-1040	2009
0014-2565	2009
0717-7925	2009
1019-8113	2009
0212-6982	2009
1533-001X	2009
0716-0208	2009
0375-1325	2009
1438-9029	2009
0003-6935	2009
1425-5960	2009
1029-7073	2009
0038-2329	2009
0284-4311	2009
1006-9283	2009
1006-9291	2009
1006-9305	2009
1006-9313	2009
1006-9321	2009
1009-2757	2009
1672-1799	2009
1874-8554	2009
1992-2248	2009
0927-6947	2009
0924-8625	2009
1542-7390	2009
0169-1015	2009
1544-6115	2009
0562-1887	2009
1545-2255	2009
0090-3019	2009
1279-8517	2009
0001-2351	2009
0020-2967	2009
0148-5016	2009
0302-0797	2009
0040-1889	2009
0492-5882	2009
0040-9383	2009
1537-6524	2009
0049-4763	2009
1300-0292	2009
1433-0563	2009
0003-9683	2009
0972-4036	2009
1315-0855	2009
1435-3067	2009
0044-3220	2009
0044-4251	2009
1661-464X	2009
1478-6362	2009
1932-2143	2009
1600-5368	2009
1214-9705	2009
0004-9409	2009
1835-2693	2009
0816-1089	2009
0004-9514	2009
0004-9743	2009
0004-8461	2009
1470-2061	2009
1110-0052	2009
0037-8763	2009
0778-4031	2009
1413-4853	2010
0102-0323	2010
0037-8763	2010
0778-4031	2010
1559-4106	2010
1471-2237	2010
1687-2762	2010
1465-5411	2010
0959-535X	2010
1358-3948	2010
0366-5232	2010
0008-3550	2010
0008-4492	2010
0361-090X	2010
0886-1544	2010
1538-344X	2010
0044-4251	2010
0009-2223	2010
1473-7604	2010
1679-9275	2010
0718-5820	2010
1009-9271	2010
0177-9990	2010
0304-5609	2010
1135-8122	2010
1941-7713	2010
1055-6656	2010
1386-0291	2010
1807-5932	2010
1536-2302	2010
0010-3632	2010
1069-8299	2010
1422-2795	2010
1940-8307	2010
0101-8205	2010
0891-2017	2010
1063-1801	2010
1078-1528	2010
0324-8569	2010
0010-8049	2010
1518-7853	2010
1836-5795	2010
1947-6345	2010
0341-6593	2010
1230-025X	2010
1687-1839	2010
1173-8790	2010
1093-507X	2010
1365-8050	2010
1042-5179	2010
1044-789X	2010
1174-5886	2010
1359-6349	2010
1081-3810	2010
0422-9576	2010
0969-711X	2010
1062-3329	2010
0144-5987	2010
1556-7257	2010
1301-8361	2010
1575-4723	2010
1809-4430	2010
0095-8948	2010
0013-872X	2010
0943-0105	2010
0278-4491	2010
1181-8700	2010
1149-6576	2010
1721-727X	2010
0065-3233	2010
1936-6612	2010
1687-6172	2010
1687-4714	2010
1687-5176	2010
1364-5498	2010
1687-1820	2010
1680-8584	2010
1991-637X	2010
1684-5315	2010
0441-6651	2010
1996-0808	2010
1233-1821	2010
1746-0875	2010
0717-652X	2010
0016-5301	2010
0016-626X	2010
1090-6576	2010
0016-710X	2010
1996-0816	2010
1811-4598	2010
1364-0380	2010
0016-867X	2010
1841-4435	2010
1695-3827	2010
1041-1232	2010
0195-8631	2010
1840-2291	2010
1931-7603	2010
0391-9714	2010
0301-0163	2010
1022-663X	2010
0914-7470	2010
0885-6087	2010
0018-8670	2010
1521-3323	2010
1521-3331	2010
1521-334X	2010
1045-9227	2010
0019-2082	2010
1542-894X	2010
0019-5421	2010
1420-326X	2010
0186-4076	2010
0797-4930	2010
0973-1903	2010
1542-6580	2010
1875-6883	2010
1358-8265	2010
1565-012X	2010
1452-3981	2010
1556-3758	2010
0394-6320	2010
0219-6220	2010
0195-9271	2010
1349-4198	2010
1176-9114	2010
1672-5123	2010
1992-1950	2010
1229-8557	2010
1076-7460	2010
0219-6913	2010
1687-3017	2010
1827-6660	2010
1528-3356	2010
1123-9344	2010
1131-7965	2010
1735-0654	2010
0304-4556	2010
0041-994X	2010
1523-5475	2010
1047-3289	2010
0196-6774	2010
0003-150X	2010
0146-6623	2010
0165-022X	2010
0393-974X	2010
0739-1102	2010
0002-9459	2010
1005-9784	2010
0253-5106	2010
0717-9324	2010
0368-1653	2010
1002-0705	2010
1446-8263	2010
1525-7886	2010
1063-8016	2010
0920-5071	2010
0747-9964	2010
1496-2551	2010
1065-7258	2010
0972-6802	2010
0073-0912	2010
1512-2891	2010
1530-1567	2010
1001-6058	2010
1025-5834	2010
1087-0024	2010
0915-1168	2010
0023-608X	2010
1996-0875	2010
1046-0756	2010
0303-6995	2010
0453-4514	2010
1464-4258	2010
1536-5379	2010
1584-9953	2010
0743-7315	2010
1935-9772	2010
0718-7092	2010
0004-9514	2010
1060-3999	2010
0038-223X	2010
0718-9508	2010
1836-5787	2010
1005-8850	2010
0039-906X	2010
0920-3036	2010
0219-1377	2010
0254-5934	2010
1225-5610	2010
1679-7817	2010
0717-3644	2010
0334-7575	2010
0137-1339	2010
1296-2139	2010
1392-1207	2010
1698-4447	2010
1305-5267	2010
1074-407X	2010
0003-4118	2010
1530-4086	2010
1586-8850	2010
1574-017X	2010
1828-695X	2010
0953-7562	2010
1743-4297	2010
1745-8366	2010
1743-4378	2010
1745-8323	2010
1745-834X	2010
1743-4254	2010
1745-8382	2010
1743-4270	2010
0028-0712	2010
1471-0048	2010
1545-9985	2010
0003-4169	2010
0306-0209	2010
1880-5884	2010
0941-9500	2010
1740-925X	2010
0717-5906	2010
0892-2055	2010
0003-4401	2010
0746-1739	2010
1230-6169	2010
0391-2612	2010
0902-0055	2010
1079-2104	2010
0097-3157	2010
1533-3159	2010
1094-8074	2010
0031-1243	2010
0031-5117	2010
0137-1282	2010
0031-9457	2010
1051-9998	2010
1471-0676	2010
1544-9173	2010
1553-734X	2010
1553-7390	2010
1549-1277	2010
1935-2727	2010
1553-7366	2010
0137-5083	2010
0032-5961	2010
0032-681X	2010
1746-8841	2010
0953-6639	2010
1000-3282	2010
1559-8985	2010
0079-6263	2010
0079-6379	2010
0033-1732	2010
0033-2097	2010
0048-5764	2010
0944-6877	2010
1824-4661	2010
1611-020X	2010
1862-5274	2010
0133-1736	2010
1570-7539	2010
1465-9921	2010
1058-7195	2010
0104-4230	2010
0103-846X	2010
0101-8175	2010
1516-3598	2010
0035-1040	2010
0014-2565	2010
0717-7925	2010
1019-8113	2010
0212-6982	2010
1135-3074	2010
1533-001X	2010
0716-0208	2010
0375-1325	2010
1438-9029	2010
1300-5286	2010
0003-6935	2010
1029-7073	2010
0038-2329	2010
0284-4311	2010
1674-7305	2010
1006-9283	2010
1006-9291	2010
1006-9305	2010
1006-9313	2010
1006-9321	2010
1009-2757	2010
1672-1799	2010
1874-8554	2010
1992-2248	2010
0927-6947	2010
0924-8625	2010
1542-7390	2010
0169-1015	2010
1544-6115	2010
0562-1887	2010
1545-2255	2010
0090-3019	2010
0001-2351	2010
0020-2967	2010
0302-0797	2010
0040-1889	2010
0492-5882	2010
0040-4403	2010
0040-9383	2010
1537-6524	2010
1936-5233	2010
0049-4763	2010
1300-0292	2010
0972-4036	2010
1662-6672	2010
0044-4251	2010
1600-5368	2010
1214-9705	2010
1661-464X	2010
1932-2143	2010
1683-9919	2010
0004-9409	2010
1835-2693	2010
0816-1089	2010
0004-9514	2010
0004-9743	2010
0251-7493	2010
0007-4802	2010
1214-9705	2011
0007-4802	2011
1413-4853	2011
0102-0323	2011
0037-8763	2011
0778-4031	2011
0798-4545	2011
0304-8799	2011
0959-535X	2011
1413-7852	2011
0008-3550	2011
0008-4492	2011
0361-090X	2011
0886-1544	2011
1679-9275	2011
0009-2223	2011
1015-0145	2011
1473-7604	2011
0718-5820	2011
0304-5609	2011
1386-0291	2011
1807-5932	2011
1536-2302	2011
1069-8299	2011
0101-8205	2011
0891-2017	2011
0065-227X	2011
1063-1801	2011
1518-7853	2011
1947-6345	2011
0341-6593	2011
1044-789X	2011
0065-275X	2011
1301-8361	2011
1575-4723	2011
1809-4430	2011
0095-8948	2011
0013-872X	2011
0943-0105	2011
0147-4863	2011
0149-9483	2011
1721-727X	2011
1680-8584	2011
1364-5498	2011
1233-1821	2011
1673-7350	2011
1673-7415	2011
1996-0808	2011
1996-0816	2011
0717-652X	2011
0016-5301	2011
0016-867X	2011
1841-4435	2011
1695-3827	2011
0026-4741	2011
1758-3284	2011
0195-8631	2011
1840-2291	2011
1931-7603	2011
0391-9714	2011
0301-0163	2011
0885-6087	2011
1022-663X	2011
1045-9227	2011
0019-2082	2011
1542-894X	2011
0019-5472	2011
1420-326X	2011
0749-6524	2011
0186-4076	2011
0797-4930	2011
0973-1903	2011
1557-4679	2011
1542-6580	2011
1358-8265	2011
1565-012X	2011
1452-3981	2011
1661-7827	2011
1556-3758	2011
0838-1925	2011
0394-6320	2011
1661-6596	2011
1748-1279	2011
1528-3356	2011
1131-7965	2011
1735-0654	2011
0041-994X	2011
1523-5475	2011
0196-6774	2011
0146-6623	2011
0393-974X	2011
1806-3713	2011
1005-9784	2011
0253-5106	2011
0717-9324	2011
0002-9459	2011
1446-8263	2011
1525-7886	2011
1063-8016	2011
0920-5071	2011
1496-2551	2011
1065-7258	2011
1512-2891	2011
1087-0024	2011
0915-1168	2011
0023-608X	2011
1065-1438	2011
1046-0756	2011
0303-6995	2011
1464-4258	2011
1536-5379	2011
1842-2403	2011
0743-7315	2011
0718-7092	2011
1938-663X	2011
1060-3999	2011
0038-223X	2011
0718-9508	2011
1535-5535	2011
0039-906X	2011
0219-1377	2011
0743-8141	2011
1679-7817	2011
0717-3644	2011
0334-7575	2011
0137-1339	2011
1296-2139	2011
1698-4447	2011
0003-4118	2011
1574-017X	2011
0717-5906	2011
1828-695X	2011
0953-7562	2011
1743-4297	2011
1745-8366	2011
1743-4378	2011
1745-8323	2011
1745-834X	2011
1743-4254	2011
1745-8382	2011
1743-4270	2011
0028-0712	2011
0003-4169	2011
0306-0209	2011
1880-5884	2011
1740-925X	2011
0003-4401	2011
0746-1739	2011
1230-6169	2011
0391-2612	2011
0902-0055	2011
1079-2104	2011
0097-3157	2011
1533-3159	2011
0031-1243	2011
0031-9457	2011
1051-9998	2011
1553-734X	2011
1553-7390	2011
1549-1277	2011
1935-2727	2011
1553-7366	2011
0137-5083	2011
0032-681X	2011
0953-6639	2011
1000-3282	2011
1559-8985	2011
0079-6263	2011
0079-6379	2011
0033-2097	2011
0048-5764	2011
0944-6877	2011
1827-1936	2011
1611-020X	2011
1570-7539	2011
0133-1736	2011
1058-7195	2011
0104-4230	2011
0103-846X	2011
0379-3893	2011
0014-2565	2011
0717-7925	2011
0212-6982	2011
1135-3074	2011
1877-0312	2011
0379-8682	2011
0375-1325	2011
1438-9029	2011
1029-7073	2011
0038-2329	2011
0284-4311	2011
1674-7305	2011
1006-9283	2011
1006-9291	2011
1006-9305	2011
1006-9313	2011
1006-9321	2011
1009-2757	2011
1672-1799	2011
0169-1015	2011
1544-6115	2011
1545-2255	2011
0090-3019	2011
0020-2967	2011
0040-1889	2011
0492-5882	2011
0040-9383	2011
1936-5233	2011
0049-4763	2011
1600-5368	2011
1300-0292	2011
1661-464X	2011
1683-9919	2011
1835-2693	2011
0004-9514	2011
